<?xml version="1.0" encoding="UTF-8"?>
<robot generator="Robot 6.1.1 (Python 3.11.6 on win32)" generated="20240110 16:27:19.162" rpa="false" schemaversion="4">
<suite id="s1" name="Trainning RBF" source="C:\Users\User\Documents\Tutopython\Trainning_RBF">
<suite id="s1-s1" name="Exercises" source="C:\Users\User\Documents\Tutopython\Trainning_RBF\exercises">
<suite id="s1-s1-s1" name="Exercise 02" source="C:\Users\User\Documents\Tutopython\Trainning_RBF\exercises\exercise_02.robot">
<test id="s1-s1-s1-t1" name="Log in to ParaBank as John and check number of log out links" line="14">
<kw name="Open Browser" library="SeleniumLibrary">
<arg>${URL}</arg>
<arg>${BROWSER}</arg>
<doc>Opens a new browser instance to the optional ``url``.</doc>
<msg timestamp="20240110 16:27:19.271" level="INFO">Opening browser 'Chrome' to base url 'http://parabank.parasoft.com'.</msg>
<status status="PASS" starttime="20240110 16:27:19.271" endtime="20240110 16:27:21.344"/>
</kw>
<kw name="Maximize Browser Window" library="SeleniumLibrary">
<doc>Maximizes current browser window.</doc>
<status status="PASS" starttime="20240110 16:27:21.344" endtime="20240110 16:27:21.460"/>
</kw>
<kw name="Input Text" library="SeleniumLibrary">
<arg>name:username</arg>
<arg>john</arg>
<doc>Types the given ``text`` into the text field identified by ``locator``.</doc>
<msg timestamp="20240110 16:27:21.461" level="INFO">Typing text 'john' into text field 'name:username'.</msg>
<msg timestamp="20240110 16:27:21.592" level="INFO" html="true">&lt;/td&gt;&lt;/tr&gt;&lt;tr&gt;&lt;td colspan="3"&gt;&lt;a href="selenium-screenshot-8.png"&gt;&lt;img src="selenium-screenshot-8.png" width="800px"&gt;&lt;/a&gt;</msg>
<msg timestamp="20240110 16:27:21.592" level="FAIL">Element with locator 'name:username' not found.</msg>
<status status="FAIL" starttime="20240110 16:27:21.460" endtime="20240110 16:27:21.593"/>
</kw>
<kw name="Input Text" library="SeleniumLibrary">
<arg>name:password</arg>
<arg>demo</arg>
<doc>Types the given ``text`` into the text field identified by ``locator``.</doc>
<status status="NOT RUN" starttime="20240110 16:27:21.593" endtime="20240110 16:27:21.593"/>
</kw>
<kw name="Log in">
<status status="NOT RUN" starttime="20240110 16:27:21.594" endtime="20240110 16:27:21.594"/>
</kw>
<kw name="Close Browser" library="SeleniumLibrary">
<doc>Closes the current browser.</doc>
<status status="NOT RUN" starttime="20240110 16:27:21.594" endtime="20240110 16:27:21.594"/>
</kw>
<status status="FAIL" starttime="20240110 16:27:19.271" endtime="20240110 16:27:21.594">Element with locator 'name:username' not found.</status>
</test>
<doc>Exercise 02 - Using variables</doc>
<status status="FAIL" starttime="20240110 16:27:19.174" endtime="20240110 16:27:21.594"/>
</suite>
<status status="FAIL" starttime="20240110 16:27:19.173" endtime="20240110 16:27:21.595"/>
</suite>
<status status="FAIL" starttime="20240110 16:27:19.163" endtime="20240110 16:27:21.595"/>
</suite>
<statistics>
<total>
<stat pass="0" fail="1" skip="0">All Tests</stat>
</total>
<tag>
</tag>
<suite>
<stat pass="0" fail="1" skip="0" id="s1" name="Trainning RBF">Trainning RBF</stat>
<stat pass="0" fail="1" skip="0" id="s1-s1" name="Exercises">Trainning RBF.Exercises</stat>
<stat pass="0" fail="1" skip="0" id="s1-s1-s1" name="Exercise 02">Trainning RBF.Exercises.Exercise 02</stat>
</suite>
</statistics>
<errors>
</errors>
</robot>
