<?xml version="1.0" encoding="UTF-8"?>
<robot generator="Robot 6.1.1 (Python 3.11.6 on win32)" generated="20240112 14:22:33.664" rpa="false" schemaversion="4">
<suite id="s1" name="Trainning RBF" source="C:\Users\User\Documents\Tutopython\Trainning_RBF">
<suite id="s1-s1" name="Examples" source="C:\Users\User\Documents\Tutopython\Trainning_RBF\examples">
<suite id="s1-s1-s1" name="11 Api Tests" source="C:\Users\User\Documents\Tutopython\Trainning_RBF\examples\11_api_tests.robot">
<test id="s1-s1-s1-t1" name="Check that a valid HTTP call yields status 200 and the expected todo title" line="7">
<kw name="Create Session" library="RequestsLibrary">
<arg>todos</arg>
<arg>http://jsonplaceholder.typicode.com/todos</arg>
<doc>Create Session: create a HTTP session to a server</doc>
<msg timestamp="20240112 14:22:34.259" level="INFO">Creating Session using : alias=todos, url=http://jsonplaceholder.typicode.com/todos, headers={},                     cookies={}, auth=None, timeout=None, proxies=None, verify=False,                     debug=0 </msg>
<status status="PASS" starttime="20240112 14:22:34.259" endtime="20240112 14:22:34.259"/>
</kw>
<kw name="Get Request" library="RequestsLibrary">
<var>${response}</var>
<arg>todos</arg>
<arg>/1</arg>
<doc>*DEPRECATED* Please use `GET On Session` instead.</doc>
<msg timestamp="20240112 14:22:34.260" level="WARN">Keyword 'RequestsLibrary.Get Request' is deprecated. Please use `GET On Session` instead.</msg>
<msg timestamp="20240112 14:22:34.326" level="INFO">GET Request : url=http://jsonplaceholder.typicode.com/todos/1 
 path_url=/todos/1 
 headers={'User-Agent': 'python-requests/2.31.0', 'Accept-Encoding': 'gzip, deflate', 'Accept': '*/*', 'Connection': 'keep-alive'} 
 body=None 
 </msg>
<msg timestamp="20240112 14:22:34.327" level="INFO">GET Response : url=http://jsonplaceholder.typicode.com/todos/1 
 status=200, reason=OK 
 headers={'Date': 'Fri, 12 Jan 2024 13:22:34 GMT', 'Content-Type': 'application/json; charset=utf-8', 'Transfer-Encoding': 'chunked', 'Connection': 'keep-alive', 'Report-To': '{"group":"heroku-nel","max_age":3600,"endpoints":[{"url":"https://nel.heroku.com/reports?ts=1701396008&amp;sid=e11707d5-02a7-43ef-b45e-2cf4d2036f7d&amp;s=L9BjNa0PUdnVS9%2FCNL%2B60SQ%2BxEmi%2FmMygHjhugoVlZA%3D"}]}', 'Reporting-Endpoints': 'heroku-nel=https://nel.heroku.com/reports?ts=1701396008&amp;sid=e11707d5-02a7-43ef-b45e-2cf4d2036f7d&amp;s=L9BjNa0PUdnVS9%2FCNL%2B60SQ%2BxEmi%2FmMygHjhugoVlZA%3D', 'Nel': '{"report_to":"heroku-nel","max_age":3600,"success_fraction":0.005,"failure_fraction":0.05,"response_headers":["Via"]}', 'X-Powered-By': 'Express', 'X-Ratelimit-Limit': '1000', 'X-Ratelimit-Remaining': '999', 'X-Ratelimit-Reset': '1701396058', 'Vary': 'Origin, Accept-Encoding', 'Access-Control-Allow-Credentials': 'true', 'Cache-Control': 'max-age=43200', 'Pragma': 'no-cache', 'Expires': '-1', 'X-Content-Type-Options': 'nosniff', 'Etag': 'W/"53-hfEnumeNh6YirfjyjaujcOPPT+s"', 'Via': '1.1 vegur', 'CF-Cache-Status': 'HIT', 'Age': '16614', 'Server': 'cloudflare', 'CF-RAY': '8445b58598f02a74-CDG', 'Content-Encoding': 'gzip', 'alt-svc': 'h3=":443"; ma=86400'} 
 body={
  "userId": 1,
  "id": 1,
  "title": "delectus aut autem",
  "completed": false
} 
 </msg>
<msg timestamp="20240112 14:22:34.327" level="INFO">${response} = &lt;Response [200]&gt;</msg>
<status status="PASS" starttime="20240112 14:22:34.260" endtime="20240112 14:22:34.327"/>
</kw>
<kw name="Status Should Be" library="RequestsLibrary">
<arg>200</arg>
<arg>${response}</arg>
<doc>Fails if response status code is different than the expected.</doc>
<status status="PASS" starttime="20240112 14:22:34.328" endtime="20240112 14:22:34.329"/>
</kw>
<kw name="Get From Dictionary" library="Collections">
<var>${title}</var>
<arg>${response.json()}</arg>
<arg>title</arg>
<doc>Returns a value from the given ``dictionary`` based on the given ``key``.</doc>
<msg timestamp="20240112 14:22:34.332" level="INFO">${title} = delectus aut autem</msg>
<status status="PASS" starttime="20240112 14:22:34.329" endtime="20240112 14:22:34.332"/>
</kw>
<kw name="Should Be Equal" library="BuiltIn">
<arg>${title}</arg>
<arg>delectus aut autem</arg>
<doc>Fails if the given objects are unequal.</doc>
<status status="PASS" starttime="20240112 14:22:34.332" endtime="20240112 14:22:34.333"/>
</kw>
<status status="PASS" starttime="20240112 14:22:34.257" endtime="20240112 14:22:34.334"/>
</test>
<doc>An example of using Robot Framework - Requests</doc>
<status status="PASS" starttime="20240112 14:22:33.757" endtime="20240112 14:22:34.335"/>
</suite>
<status status="PASS" starttime="20240112 14:22:33.754" endtime="20240112 14:22:34.338"/>
</suite>
<status status="PASS" starttime="20240112 14:22:33.666" endtime="20240112 14:22:34.340"/>
</suite>
<statistics>
<total>
<stat pass="1" fail="0" skip="0">All Tests</stat>
</total>
<tag>
</tag>
<suite>
<stat pass="1" fail="0" skip="0" id="s1" name="Trainning RBF">Trainning RBF</stat>
<stat pass="1" fail="0" skip="0" id="s1-s1" name="Examples">Trainning RBF.Examples</stat>
<stat pass="1" fail="0" skip="0" id="s1-s1-s1" name="11 Api Tests">Trainning RBF.Examples.11 Api Tests</stat>
</suite>
</statistics>
<errors>
<msg timestamp="20240112 14:22:34.260" level="WARN">Keyword 'RequestsLibrary.Get Request' is deprecated. Please use `GET On Session` instead.</msg>
</errors>
</robot>
