<?xml version="1.0" encoding="UTF-8"?>
<robot generator="Robot 6.1.1 (Python 3.11.6 on win32)" generated="20231229 16:16:22.593" rpa="false" schemaversion="4">
<suite id="s1" name="RBF" source="C:\Users\User\Documents\Tutopython\RBF">
<suite id="s1-s1" name="Test" source="C:\Users\User\Documents\Tutopython\RBF\Test">
<suite id="s1-s1-s1" name="SeleniumLibTest" source="C:\Users\User\Documents\Tutopython\RBF\Test\SeleniumLibTest">
<suite id="s1-s1-s1-s1" name="SeleniumLib Incognito" source="C:\Users\User\Documents\Tutopython\RBF\Test\SeleniumLibTest\SeleniumLib_Incognito.robot">
<test id="s1-s1-s1-s1-t1" name="TestCas01" line="13">
<kw name="Evaluate" library="BuiltIn">
<var>${chrome_options}</var>
<arg>sys.modules['selenium.webdriver'].ChromeOptions()</arg>
<doc>Evaluates the given expression in Python and returns the result.</doc>
<msg timestamp="20231229 16:16:22.756" level="INFO">${chrome_options} = &lt;selenium.webdriver.chrome.options.Options object at 0x000001F4D3554210&gt;</msg>
<status status="PASS" starttime="20231229 16:16:22.756" endtime="20231229 16:16:22.756"/>
</kw>
<kw name="Call Method" library="BuiltIn">
<arg>${chrome_options}</arg>
<arg>add_argument</arg>
<arg>--incognito</arg>
<doc>Calls the named method of the given object with the provided arguments.</doc>
<status status="PASS" starttime="20231229 16:16:22.756" endtime="20231229 16:16:22.756"/>
</kw>
<kw name="Call Method" library="BuiltIn">
<arg>${chrome_options}</arg>
<arg>add_argument</arg>
<arg>--start-maximized</arg>
<doc>Calls the named method of the given object with the provided arguments.</doc>
<status status="PASS" starttime="20231229 16:16:22.756" endtime="20231229 16:16:22.756"/>
</kw>
<kw name="Create Webdriver" library="SeleniumLibrary">
<arg>Chrome</arg>
<arg>options=${chrome_options}</arg>
<doc>Creates an instance of Selenium WebDriver.</doc>
<msg timestamp="20231229 16:16:22.757" level="INFO">Creating an instance of the Chrome WebDriver.</msg>
<status status="PASS" starttime="20231229 16:16:22.757" endtime="20231229 16:16:28.879"/>
</kw>
<kw name="Go To" library="SeleniumLibrary">
<arg>${URL}</arg>
<doc>Navigates the current browser window to the provided ``url``.</doc>
<msg timestamp="20231229 16:16:28.880" level="INFO">Opening url 'https://www.google.fr/'</msg>
<status status="PASS" starttime="20231229 16:16:28.879" endtime="20231229 16:16:35.816"/>
</kw>
<kw name="Sleep" library="BuiltIn">
<arg>2</arg>
<doc>Pauses the test executed for the given time.</doc>
<msg timestamp="20231229 16:16:37.818" level="INFO">Slept 2 seconds</msg>
<status status="PASS" starttime="20231229 16:16:35.817" endtime="20231229 16:16:37.818"/>
</kw>
<kw name="Close All Browsers" library="SeleniumLibrary">
<doc>Closes all open browsers and resets the browser cache.</doc>
<status status="PASS" starttime="20231229 16:16:37.818" endtime="20231229 16:16:43.918"/>
</kw>
<status status="PASS" starttime="20231229 16:16:22.755" endtime="20231229 16:16:43.918"/>
</test>
<doc>Test basic sur Selenium</doc>
<status status="PASS" starttime="20231229 16:16:22.609" endtime="20231229 16:16:43.919"/>
</suite>
<status status="PASS" starttime="20231229 16:16:22.608" endtime="20231229 16:16:43.920"/>
</suite>
<status status="PASS" starttime="20231229 16:16:22.607" endtime="20231229 16:16:43.921"/>
</suite>
<status status="PASS" starttime="20231229 16:16:22.593" endtime="20231229 16:16:43.921"/>
</suite>
<statistics>
<total>
<stat pass="1" fail="0" skip="0">All Tests</stat>
</total>
<tag>
</tag>
<suite>
<stat pass="1" fail="0" skip="0" id="s1" name="RBF">RBF</stat>
<stat pass="1" fail="0" skip="0" id="s1-s1" name="Test">RBF.Test</stat>
<stat pass="1" fail="0" skip="0" id="s1-s1-s1" name="SeleniumLibTest">RBF.Test.SeleniumLibTest</stat>
<stat pass="1" fail="0" skip="0" id="s1-s1-s1-s1" name="SeleniumLib Incognito">RBF.Test.SeleniumLibTest.SeleniumLib Incognito</stat>
</suite>
</statistics>
<errors>
</errors>
</robot>
